<?xml version="1.0" encoding="UTF-8"?>
<!-- Generated by org.testng.reporters.JUnitXMLReporter -->
<testsuite hostname="nblap279" ignored="0" name="Test" tests="12" failures="0" timestamp="04 Feb 2021 05:40:58 GMT" time="501.754" errors="0">
  <testcase name="top10MostReTweetsCount" time="1.933" classname="com.eltropy.twitter.Tweets"/>
  <testcase name="userTweets" time="9.734" classname="com.eltropy.twitter.Tweets"/>
  <testcase name="test1" time="45.07" classname="com.eltropy.twitter.TwitterTimeline"/>
  <testcase name="test1" time="44.23" classname="com.eltropy.twitter.TwitterTimeline"/>
  <testcase name="test1" time="44.06" classname="com.eltropy.twitter.TwitterTimeline"/>
  <testcase name="test1" time="45.023" classname="com.eltropy.twitter.TwitterTimeline"/>
  <testcase name="test1" time="45.279" classname="com.eltropy.twitter.TwitterTimeline"/>
  <testcase name="test1" time="44.67" classname="com.eltropy.twitter.TwitterTimeline"/>
  <testcase name="test1" time="45.178" classname="com.eltropy.twitter.TwitterTimeline"/>
  <testcase name="test1" time="44.948" classname="com.eltropy.twitter.TwitterTimeline"/>
  <testcase name="test1" time="44.406" classname="com.eltropy.twitter.TwitterTimeline"/>
  <testcase name="test1" time="44.628" classname="com.eltropy.twitter.TwitterTimeline"/>
</testsuite> <!-- Test -->
