<?xml version="1.0" encoding="UTF-8"?>
<testng-results skipped="0" failed="0" ignored="0" total="12" passed="12">
  <reporter-output>
  </reporter-output>
  <suite name="Suite" duration-ms="501754" started-at="2021-02-04T05:32:36Z" finished-at="2021-02-04T05:40:58Z">
    <groups>
    </groups>
    <test name="Test" duration-ms="501754" started-at="2021-02-04T05:32:36Z" finished-at="2021-02-04T05:40:58Z">
      <class name="com.eltropy.twitter.Tweets">
        <test-method status="PASS" signature="generateToken()[pri:0, instance:com.eltropy.twitter.Tweets@351d00c0]" name="generateToken" is-config="true" duration-ms="2912" started-at="2021-02-04T05:32:36Z" finished-at="2021-02-04T05:32:39Z">
          <reporter-output>
          </reporter-output>
        </test-method> <!-- generateToken -->
        <test-method status="PASS" signature="top10MostReTweetsCount()[pri:0, instance:com.eltropy.twitter.Tweets@351d00c0]" name="top10MostReTweetsCount" duration-ms="1933" started-at="2021-02-04T05:32:39Z" finished-at="2021-02-04T05:32:41Z">
          <reporter-output>
          </reporter-output>
        </test-method> <!-- top10MostReTweetsCount -->
        <test-method status="PASS" signature="userTweets()[pri:0, instance:com.eltropy.twitter.Tweets@351d00c0]" name="userTweets" duration-ms="9734" started-at="2021-02-04T05:32:41Z" finished-at="2021-02-04T05:32:51Z">
          <reporter-output>
          </reporter-output>
        </test-method> <!-- userTweets -->
      </class> <!-- com.eltropy.twitter.Tweets -->
      <class name="com.eltropy.twitter.TwitterTimeline">
        <test-method status="PASS" signature="init()[pri:0, instance:com.eltropy.twitter.TwitterTimeline@2a3b5b47]" name="init" is-config="true" duration-ms="6643" started-at="2021-02-04T05:32:51Z" finished-at="2021-02-04T05:32:58Z">
          <reporter-output>
          </reporter-output>
        </test-method> <!-- init -->
        <test-method status="PASS" signature="test1([Ljava.lang.String;)[pri:0, instance:com.eltropy.twitter.TwitterTimeline@2a3b5b47]" name="test1" duration-ms="45070" started-at="2021-02-04T05:32:58Z" data-provider="Tweetdata" finished-at="2021-02-04T05:33:43Z">
          <params>
            <param index="0">
              <value>
                <![CDATA[[Ljava.lang.String;@4ef18604]]>
              </value>
            </param>
          </params>
          <reporter-output>
          </reporter-output>
        </test-method> <!-- test1 -->
        <test-method status="PASS" signature="init()[pri:0, instance:com.eltropy.twitter.TwitterTimeline@2a3b5b47]" name="init" is-config="true" duration-ms="3717" started-at="2021-02-04T05:33:43Z" finished-at="2021-02-04T05:33:47Z">
          <reporter-output>
          </reporter-output>
        </test-method> <!-- init -->
        <test-method status="PASS" signature="test1([Ljava.lang.String;)[pri:0, instance:com.eltropy.twitter.TwitterTimeline@2a3b5b47]" name="test1" duration-ms="44230" started-at="2021-02-04T05:33:47Z" data-provider="Tweetdata" finished-at="2021-02-04T05:34:31Z">
          <params>
            <param index="0">
              <value>
                <![CDATA[[Ljava.lang.String;@372f0a99]]>
              </value>
            </param>
          </params>
          <reporter-output>
          </reporter-output>
        </test-method> <!-- test1 -->
        <test-method status="PASS" signature="init()[pri:0, instance:com.eltropy.twitter.TwitterTimeline@2a3b5b47]" name="init" is-config="true" duration-ms="3210" started-at="2021-02-04T05:34:31Z" finished-at="2021-02-04T05:34:34Z">
          <reporter-output>
          </reporter-output>
        </test-method> <!-- init -->
        <test-method status="PASS" signature="test1([Ljava.lang.String;)[pri:0, instance:com.eltropy.twitter.TwitterTimeline@2a3b5b47]" name="test1" duration-ms="44060" started-at="2021-02-04T05:34:34Z" data-provider="Tweetdata" finished-at="2021-02-04T05:35:18Z">
          <params>
            <param index="0">
              <value>
                <![CDATA[[Ljava.lang.String;@16cf8438]]>
              </value>
            </param>
          </params>
          <reporter-output>
          </reporter-output>
        </test-method> <!-- test1 -->
        <test-method status="PASS" signature="init()[pri:0, instance:com.eltropy.twitter.TwitterTimeline@2a3b5b47]" name="init" is-config="true" duration-ms="3239" started-at="2021-02-04T05:35:18Z" finished-at="2021-02-04T05:35:21Z">
          <reporter-output>
          </reporter-output>
        </test-method> <!-- init -->
        <test-method status="PASS" signature="test1([Ljava.lang.String;)[pri:0, instance:com.eltropy.twitter.TwitterTimeline@2a3b5b47]" name="test1" duration-ms="45023" started-at="2021-02-04T05:35:21Z" data-provider="Tweetdata" finished-at="2021-02-04T05:36:06Z">
          <params>
            <param index="0">
              <value>
                <![CDATA[[Ljava.lang.String;@3e5beab5]]>
              </value>
            </param>
          </params>
          <reporter-output>
          </reporter-output>
        </test-method> <!-- test1 -->
        <test-method status="PASS" signature="init()[pri:0, instance:com.eltropy.twitter.TwitterTimeline@2a3b5b47]" name="init" is-config="true" duration-ms="4215" started-at="2021-02-04T05:36:06Z" finished-at="2021-02-04T05:36:11Z">
          <reporter-output>
          </reporter-output>
        </test-method> <!-- init -->
        <test-method status="PASS" signature="test1([Ljava.lang.String;)[pri:0, instance:com.eltropy.twitter.TwitterTimeline@2a3b5b47]" name="test1" duration-ms="45279" started-at="2021-02-04T05:36:11Z" data-provider="Tweetdata" finished-at="2021-02-04T05:36:56Z">
          <params>
            <param index="0">
              <value>
                <![CDATA[[Ljava.lang.String;@7c588adc]]>
              </value>
            </param>
          </params>
          <reporter-output>
          </reporter-output>
        </test-method> <!-- test1 -->
        <test-method status="PASS" signature="init()[pri:0, instance:com.eltropy.twitter.TwitterTimeline@2a3b5b47]" name="init" is-config="true" duration-ms="2714" started-at="2021-02-04T05:36:56Z" finished-at="2021-02-04T05:36:59Z">
          <reporter-output>
          </reporter-output>
        </test-method> <!-- init -->
        <test-method status="PASS" signature="test1([Ljava.lang.String;)[pri:0, instance:com.eltropy.twitter.TwitterTimeline@2a3b5b47]" name="test1" duration-ms="44670" started-at="2021-02-04T05:36:59Z" data-provider="Tweetdata" finished-at="2021-02-04T05:37:43Z">
          <params>
            <param index="0">
              <value>
                <![CDATA[[Ljava.lang.String;@33ec2c0c]]>
              </value>
            </param>
          </params>
          <reporter-output>
          </reporter-output>
        </test-method> <!-- test1 -->
        <test-method status="PASS" signature="init()[pri:0, instance:com.eltropy.twitter.TwitterTimeline@2a3b5b47]" name="init" is-config="true" duration-ms="3736" started-at="2021-02-04T05:37:43Z" finished-at="2021-02-04T05:37:47Z">
          <reporter-output>
          </reporter-output>
        </test-method> <!-- init -->
        <test-method status="PASS" signature="test1([Ljava.lang.String;)[pri:0, instance:com.eltropy.twitter.TwitterTimeline@2a3b5b47]" name="test1" duration-ms="45178" started-at="2021-02-04T05:37:47Z" data-provider="Tweetdata" finished-at="2021-02-04T05:38:32Z">
          <params>
            <param index="0">
              <value>
                <![CDATA[[Ljava.lang.String;@5968800d]]>
              </value>
            </param>
          </params>
          <reporter-output>
          </reporter-output>
        </test-method> <!-- test1 -->
        <test-method status="PASS" signature="init()[pri:0, instance:com.eltropy.twitter.TwitterTimeline@2a3b5b47]" name="init" is-config="true" duration-ms="3762" started-at="2021-02-04T05:38:32Z" finished-at="2021-02-04T05:38:36Z">
          <reporter-output>
          </reporter-output>
        </test-method> <!-- init -->
        <test-method status="PASS" signature="test1([Ljava.lang.String;)[pri:0, instance:com.eltropy.twitter.TwitterTimeline@2a3b5b47]" name="test1" duration-ms="44948" started-at="2021-02-04T05:38:36Z" data-provider="Tweetdata" finished-at="2021-02-04T05:39:21Z">
          <params>
            <param index="0">
              <value>
                <![CDATA[[Ljava.lang.String;@3887c7d7]]>
              </value>
            </param>
          </params>
          <reporter-output>
          </reporter-output>
        </test-method> <!-- test1 -->
        <test-method status="PASS" signature="init()[pri:0, instance:com.eltropy.twitter.TwitterTimeline@2a3b5b47]" name="init" is-config="true" duration-ms="3707" started-at="2021-02-04T05:39:21Z" finished-at="2021-02-04T05:39:25Z">
          <reporter-output>
          </reporter-output>
        </test-method> <!-- init -->
        <test-method status="PASS" signature="test1([Ljava.lang.String;)[pri:0, instance:com.eltropy.twitter.TwitterTimeline@2a3b5b47]" name="test1" duration-ms="44406" started-at="2021-02-04T05:39:25Z" data-provider="Tweetdata" finished-at="2021-02-04T05:40:09Z">
          <params>
            <param index="0">
              <value>
                <![CDATA[[Ljava.lang.String;@b1b471]]>
              </value>
            </param>
          </params>
          <reporter-output>
          </reporter-output>
        </test-method> <!-- test1 -->
        <test-method status="PASS" signature="init()[pri:0, instance:com.eltropy.twitter.TwitterTimeline@2a3b5b47]" name="init" is-config="true" duration-ms="4222" started-at="2021-02-04T05:40:09Z" finished-at="2021-02-04T05:40:13Z">
          <reporter-output>
          </reporter-output>
        </test-method> <!-- init -->
        <test-method status="PASS" signature="test1([Ljava.lang.String;)[pri:0, instance:com.eltropy.twitter.TwitterTimeline@2a3b5b47]" name="test1" duration-ms="44628" started-at="2021-02-04T05:40:13Z" data-provider="Tweetdata" finished-at="2021-02-04T05:40:58Z">
          <params>
            <param index="0">
              <value>
                <![CDATA[[Ljava.lang.String;@526f6427]]>
              </value>
            </param>
          </params>
          <reporter-output>
          </reporter-output>
        </test-method> <!-- test1 -->
      </class> <!-- com.eltropy.twitter.TwitterTimeline -->
    </test> <!-- Test -->
  </suite> <!-- Suite -->
</testng-results>
