<?xml version="1.0" encoding="UTF-8"?>
<testsuite xmlns:xsi="http://www.w3.org/2001/XMLSchema-instance" xsi:schemaLocation="https://maven.apache.org/surefire/maven-surefire-plugin/xsd/surefire-test-report.xsd" name="TestSuite" time="503.073" tests="12" errors="0" skipped="0" failures="0">
  <properties>
[...]
</properties>
  <testcase name="top10MostReTweetsCount" classname="com.eltropy.twitter.Tweets" time="1.933"/>
  <testcase name="userTweets" classname="com.eltropy.twitter.Tweets" time="9.777"/>
  <testcase name="test1" classname="com.eltropy.twitter.TwitterTimeline" time="45.071"/>
  <testcase name="test1" classname="com.eltropy.twitter.TwitterTimeline" time="44.23"/>
  <testcase name="test1" classname="com.eltropy.twitter.TwitterTimeline" time="44.06"/>
  <testcase name="test1" classname="com.eltropy.twitter.TwitterTimeline" time="45.022"/>
  <testcase name="test1" classname="com.eltropy.twitter.TwitterTimeline" time="45.278"/>
  <testcase name="test1" classname="com.eltropy.twitter.TwitterTimeline" time="44.67"/>
  <testcase name="test1" classname="com.eltropy.twitter.TwitterTimeline" time="45.178"/>
  <testcase name="test1" classname="com.eltropy.twitter.TwitterTimeline" time="44.948"/>
  <testcase name="test1" classname="com.eltropy.twitter.TwitterTimeline" time="44.406"/>
  <testcase name="test1" classname="com.eltropy.twitter.TwitterTimeline" time="44.629"/>
</testsuite>